Generated at 2014-09-04 18:59:44 -0700
Chef::Exceptions::CookbookNotFound: Cookbook pacman not found. If you're loading pacman from another cookbook, make sure you configure the dependency in your metadata
/opt/chefdk/embedded/apps/chef/lib/chef/cookbook/cookbook_collection.rb:38:in `block in initialize'
/opt/chefdk/embedded/lib/ruby/gems/2.1.0/gems/ohai-7.2.4/lib/ohai/mash.rb:77:in `yield'
/opt/chefdk/embedded/lib/ruby/gems/2.1.0/gems/ohai-7.2.4/lib/ohai/mash.rb:77:in `default'
/opt/chefdk/embedded/lib/ruby/gems/2.1.0/gems/ohai-7.2.4/lib/ohai/mash.rb:77:in `default'
/opt/chefdk/embedded/apps/chef/lib/chef/run_context/cookbook_compiler.rb:277:in `[]'
/opt/chefdk/embedded/apps/chef/lib/chef/run_context/cookbook_compiler.rb:277:in `each_cookbook_dep'
/opt/chefdk/embedded/apps/chef/lib/chef/run_context/cookbook_compiler.rb:255:in `add_cookbook_with_deps'
/opt/chefdk/embedded/apps/chef/lib/chef/run_context/cookbook_compiler.rb:256:in `block in add_cookbook_with_deps'
/opt/chefdk/embedded/apps/chef/lib/chef/run_context/cookbook_compiler.rb:278:in `each'
/opt/chefdk/embedded/apps/chef/lib/chef/run_context/cookbook_compiler.rb:278:in `each_cookbook_dep'
/opt/chefdk/embedded/apps/chef/lib/chef/run_context/cookbook_compiler.rb:255:in `add_cookbook_with_deps'
/opt/chefdk/embedded/apps/chef/lib/chef/run_context/cookbook_compiler.rb:88:in `block in cookbook_order'
/opt/chefdk/embedded/apps/chef/lib/chef/run_context/cookbook_compiler.rb:86:in `each'
/opt/chefdk/embedded/apps/chef/lib/chef/run_context/cookbook_compiler.rb:86:in `cookbook_order'
/opt/chefdk/embedded/apps/chef/lib/chef/run_context/cookbook_compiler.rb:98:in `compile_libraries'
/opt/chefdk/embedded/apps/chef/lib/chef/run_context/cookbook_compiler.rb:71:in `compile'
/opt/chefdk/embedded/apps/chef/lib/chef/run_context.rb:89:in `load'
/opt/chefdk/embedded/apps/chef/lib/chef/policy_builder/expand_node_object.rb:73:in `setup_run_context'
/opt/chefdk/embedded/apps/chef/lib/chef/client.rb:265:in `setup_run_context'
/opt/chefdk/embedded/apps/chef/lib/chef/client.rb:429:in `do_run'
/opt/chefdk/embedded/apps/chef/lib/chef/client.rb:213:in `block in run'
/opt/chefdk/embedded/apps/chef/lib/chef/client.rb:207:in `fork'
/opt/chefdk/embedded/apps/chef/lib/chef/client.rb:207:in `run'
/opt/chefdk/embedded/apps/chef/lib/chef/application.rb:236:in `run_chef_client'
/opt/chefdk/embedded/apps/chef/lib/chef/application/solo.rb:226:in `block in run_application'
/opt/chefdk/embedded/apps/chef/lib/chef/application/solo.rb:218:in `loop'
/opt/chefdk/embedded/apps/chef/lib/chef/application/solo.rb:218:in `run_application'
/opt/chefdk/embedded/apps/chef/lib/chef/application.rb:55:in `run'
/opt/chefdk/embedded/apps/chef/bin/chef-solo:25:in `<top (required)>'
/usr/bin/chef-solo:34:in `load'
/usr/bin/chef-solo:34:in `<main>'